(---------------------------------------------------------------------)
(                                                                     )
(    ARTWORK LOG                                                      )
(                                                                     )
(    Drawing          : HQBrdTmp.brd                                  )
(    Software Version : unreleased                                    )
(    Date/Time        : Tue Oct  5 09:21:08 2021                      )
(                                                                     )
(---------------------------------------------------------------------)


 ---- Photoplot outline rectangle not found; using drawing extents.



Results from parameter file ...
    DEVICE-TYPE           GERBER_RS274X
    OUTPUT-UNITS          INCHES
    FILM-SIZE             2400000 1600000
    FORMAT                2.5
    ABORT-ON-ERROR        NO
    SCALE                 1
    SUPPRESS-LEAD-ZEROES  YES
    SUPPRESS-TRAIL-ZEROES NO
    SUPPRESS-EQUAL        YES
    UNDEF-APT-CONT        NO


================================================================
     PROCESSING FILM < TOP >
     TO FILE < W:/Gerber/2021-10-05/9c0d5618749ef6f59795ca09fdc2e18d/TOP.art > ...
================================================================

  FILM PARAMETERS :
  ---------------------------------------------------------
  Undefined line width                0.11 MIL
  Mirror code                         NONE
  Rotate angle                        NONE
  Offset x:                           0.00
  Offset y:                           0.00
  Plot negative                       NO
  Suppress unconnected internal pads  NO
  Draw holes only                     NO



  APERTURES USED (UNIT = IN):
  ---------------------------------------------------------
  TYPE       SIZE/NAME                   ROT   MIRROR MODE 
  ---------------------------------------------------------
  CIRCLE     0.00600                                  DARK 
  CIRCLE     0.01000                                  DARK 
  CIRCLE     0.01500                                  DARK 
  CIRCLE     0.02400                                  DARK 
  CIRCLE     0.04700                                  DARK 
  SQUARE     0.03100                     0.000 NO     DARK 
  SQUARE     0.07500                     0.000 NO     DARK 
  RECTANGLE  0.01200     x 0.05900      90.000 NO     DARK 
  RECTANGLE  0.01600     x 0.07900      90.000 NO     DARK 
  RECTANGLE  0.02000     x 0.06000      90.000 NO     DARK 
  RECTANGLE  0.03300     x 0.03900      90.000 NO     DARK 
  RECTANGLE  0.03500     x 0.03100       0.000 NO     DARK 
  RECTANGLE  0.03500     x 0.03100      90.000 NO     DARK 
  RECTANGLE  0.03500     x 0.03900       0.000 NO     DARK 
  RECTANGLE  0.03500     x 0.03900      90.000 NO     DARK 
  RECTANGLE  0.03900     x 0.05100       0.000 NO     DARK 
  RECTANGLE  0.04300     x 0.05100       0.000 NO     DARK 
  RECTANGLE  0.04300     x 0.05100      90.000 NO     DARK 
  RECTANGLE  0.04700     x 0.07900      90.000 NO     DARK 
  RECTANGLE  0.05100     x 0.07100      90.000 NO     DARK 
  RECTANGLE  0.06300     x 0.13000       0.000 NO     DARK 
  RECTANGLE  0.06700     x 0.05100       0.000 NO     DARK 
  RECTANGLE  0.07100     x 0.02800      90.000 NO     DARK 
  RECTANGLE  0.07100     x 0.08700      90.000 NO     DARK 
  RECTANGLE  0.08300     x 0.11800       0.000 NO     DARK 
  RECTANGLE  0.09400     x 0.04700      90.000 NO     DARK 
  OBLONG     0.04700     x 0.07900       0.000 NO     DARK 
  OBLONG     0.07900     x 0.02400      90.000 NO     DARK 

     TOP created.


================================================================
     PROCESSING FILM < BOTTOM >
     TO FILE < W:/Gerber/2021-10-05/9c0d5618749ef6f59795ca09fdc2e18d/BOTTOM.art > ...
================================================================

  FILM PARAMETERS :
  ---------------------------------------------------------
  Undefined line width                0.11 MIL
  Mirror code                         NONE
  Rotate angle                        NONE
  Offset x:                           0.00
  Offset y:                           0.00
  Plot negative                       NO
  Suppress unconnected internal pads  NO
  Draw holes only                     NO



  APERTURES USED (UNIT = IN):
  ---------------------------------------------------------
  TYPE       SIZE/NAME                   ROT   MIRROR MODE 
  ---------------------------------------------------------
  CIRCLE     0.00600                                  DARK 
  CIRCLE     0.01000                                  DARK 
  CIRCLE     0.01500                                  DARK 
  CIRCLE     0.02000                                  DARK 
  CIRCLE     0.02400                                  DARK 
  CIRCLE     0.03000                                  DARK 
  CIRCLE     0.04000                                  DARK 
  CIRCLE     0.04700                                  DARK 
  OBLONG     0.04700     x 0.07900       0.000 NO     DARK 

     BOTTOM created.


================================================================
     PROCESSING FILM < PASTETOP >
     TO FILE < W:/Gerber/2021-10-05/9c0d5618749ef6f59795ca09fdc2e18d/PASTETOP.art > ...
================================================================

  FILM PARAMETERS :
  ---------------------------------------------------------
  Undefined line width                0.11 MIL
  Mirror code                         NONE
  Rotate angle                        NONE
  Offset x:                           0.00
  Offset y:                           0.00
  Plot negative                       NO
  Suppress unconnected internal pads  NO
  Draw holes only                     NO



  APERTURES USED (UNIT = IN):
  ---------------------------------------------------------
  TYPE       SIZE/NAME                   ROT   MIRROR MODE 
  ---------------------------------------------------------
  CIRCLE     0.00011                                  DARK 
  SQUARE     0.03100                     0.000 NO     DARK 
  SQUARE     0.07500                     0.000 NO     DARK 
  RECTANGLE  0.01200     x 0.05900      90.000 NO     DARK 
  RECTANGLE  0.01600     x 0.07900      90.000 NO     DARK 
  RECTANGLE  0.02000     x 0.06000      90.000 NO     DARK 
  RECTANGLE  0.03300     x 0.03900      90.000 NO     DARK 
  RECTANGLE  0.03500     x 0.03100       0.000 NO     DARK 
  RECTANGLE  0.03500     x 0.03100      90.000 NO     DARK 
  RECTANGLE  0.03500     x 0.03900       0.000 NO     DARK 
  RECTANGLE  0.03500     x 0.03900      90.000 NO     DARK 
  RECTANGLE  0.03900     x 0.05100       0.000 NO     DARK 
  RECTANGLE  0.04300     x 0.05100       0.000 NO     DARK 
  RECTANGLE  0.04300     x 0.05100      90.000 NO     DARK 
  RECTANGLE  0.04700     x 0.07900      90.000 NO     DARK 
  RECTANGLE  0.05100     x 0.07100      90.000 NO     DARK 
  RECTANGLE  0.06300     x 0.13000       0.000 NO     DARK 
  RECTANGLE  0.06700     x 0.05100       0.000 NO     DARK 
  RECTANGLE  0.07100     x 0.02800      90.000 NO     DARK 
  RECTANGLE  0.07100     x 0.08700      90.000 NO     DARK 
  RECTANGLE  0.08300     x 0.11800       0.000 NO     DARK 
  RECTANGLE  0.09400     x 0.04700      90.000 NO     DARK 
  OBLONG     0.07900     x 0.02400      90.000 NO     DARK 

     PASTETOP created.


================================================================
     PROCESSING FILM < MASKTOP >
     TO FILE < W:/Gerber/2021-10-05/9c0d5618749ef6f59795ca09fdc2e18d/MASKTOP.art > ...
================================================================

  FILM PARAMETERS :
  ---------------------------------------------------------
  Undefined line width                0.11 MIL
  Mirror code                         NONE
  Rotate angle                        NONE
  Offset x:                           0.00
  Offset y:                           0.00
  Plot negative                       NO
  Suppress unconnected internal pads  NO
  Draw holes only                     NO



  APERTURES USED (UNIT = IN):
  ---------------------------------------------------------
  TYPE       SIZE/NAME                   ROT   MIRROR MODE 
  ---------------------------------------------------------
  CIRCLE     0.00011                                  DARK 
  CIRCLE     0.05500                                  DARK 
  SQUARE     0.03500                     0.000 NO     DARK 
  SQUARE     0.07900                     0.000 NO     DARK 
  RECTANGLE  0.01600     x 0.06300      90.000 NO     DARK 
  RECTANGLE  0.02000     x 0.06000      90.000 NO     DARK 
  RECTANGLE  0.02000     x 0.08300      90.000 NO     DARK 
  RECTANGLE  0.03700     x 0.04300      90.000 NO     DARK 
  RECTANGLE  0.03900     x 0.03500       0.000 NO     DARK 
  RECTANGLE  0.03900     x 0.03500      90.000 NO     DARK 
  RECTANGLE  0.03900     x 0.03900      90.000 NO     DARK 
  RECTANGLE  0.04300     x 0.04700       0.000 NO     DARK 
  RECTANGLE  0.04300     x 0.05500       0.000 NO     DARK 
  RECTANGLE  0.04700     x 0.05500       0.000 NO     DARK 
  RECTANGLE  0.04700     x 0.05500      90.000 NO     DARK 
  RECTANGLE  0.05100     x 0.08300      90.000 NO     DARK 
  RECTANGLE  0.05900     x 0.07900      90.000 NO     DARK 
  RECTANGLE  0.07100     x 0.13800       0.000 NO     DARK 
  RECTANGLE  0.07500     x 0.05900       0.000 NO     DARK 
  RECTANGLE  0.07900     x 0.03500      90.000 NO     DARK 
  RECTANGLE  0.07900     x 0.09400      90.000 NO     DARK 
  RECTANGLE  0.09100     x 0.12600       0.000 NO     DARK 
  RECTANGLE  0.09800     x 0.05100      90.000 NO     DARK 
  OBLONG     0.05500     x 0.08700       0.000 NO     DARK 
  OBLONG     0.08700     x 0.03100      90.000 NO     DARK 

     MASKTOP created.


================================================================
     PROCESSING FILM < SIKTOP >
     TO FILE < W:/Gerber/2021-10-05/9c0d5618749ef6f59795ca09fdc2e18d/SIKTOP.art > ...
================================================================

  FILM PARAMETERS :
  ---------------------------------------------------------
  Undefined line width                0.11 MIL
  Mirror code                         NONE
  Rotate angle                        NONE
  Offset x:                           0.00
  Offset y:                           0.00
  Plot negative                       NO
  Suppress unconnected internal pads  NO
  Draw holes only                     NO



  APERTURES USED (UNIT = IN):
  ---------------------------------------------------------
  TYPE       SIZE/NAME                   ROT   MIRROR MODE 
  ---------------------------------------------------------
  CIRCLE     0.00011                                  DARK 
  CIRCLE     0.00400                                  DARK 
  CIRCLE     0.00500                                  DARK 
  CIRCLE     0.00600                                  DARK 
  CIRCLE     0.00800                                  DARK 
  CIRCLE     0.01200                                  DARK 
  CIRCLE     0.01300                                  DARK 

     SIKTOP created.


================================================================
     PROCESSING FILM < PASTEBOTTOM >
     TO FILE < W:/Gerber/2021-10-05/9c0d5618749ef6f59795ca09fdc2e18d/PASTEBOTTOM.art > ...
================================================================

  FILM PARAMETERS :
  ---------------------------------------------------------
  Undefined line width                0.11 MIL
  Mirror code                         NONE
  Rotate angle                        NONE
  Offset x:                           0.00
  Offset y:                           0.00
  Plot negative                       NO
  Suppress unconnected internal pads  NO
  Draw holes only                     NO



  APERTURES USED (UNIT = IN):
  ---------------------------------------------------------
  TYPE       SIZE/NAME                   ROT   MIRROR MODE 
  ---------------------------------------------------------
  CIRCLE     0.00011                                  DARK 

     PASTEBOTTOM created.


================================================================
     PROCESSING FILM < MASKBOTTOM >
     TO FILE < W:/Gerber/2021-10-05/9c0d5618749ef6f59795ca09fdc2e18d/MASKBOTTOM.art > ...
================================================================

  FILM PARAMETERS :
  ---------------------------------------------------------
  Undefined line width                0.11 MIL
  Mirror code                         NONE
  Rotate angle                        NONE
  Offset x:                           0.00
  Offset y:                           0.00
  Plot negative                       NO
  Suppress unconnected internal pads  NO
  Draw holes only                     NO



  APERTURES USED (UNIT = IN):
  ---------------------------------------------------------
  TYPE       SIZE/NAME                   ROT   MIRROR MODE 
  ---------------------------------------------------------
  CIRCLE     0.00011                                  DARK 
  CIRCLE     0.05500                                  DARK 
  OBLONG     0.05500     x 0.08700       0.000 NO     DARK 

     MASKBOTTOM created.


================================================================
     PROCESSING FILM < SIKBOTTOM >
     TO FILE < W:/Gerber/2021-10-05/9c0d5618749ef6f59795ca09fdc2e18d/SIKBOTTOM.art > ...
================================================================

  FILM PARAMETERS :
  ---------------------------------------------------------
  Undefined line width                0.11 MIL
  Mirror code                         NONE
  Rotate angle                        NONE
  Offset x:                           0.00
  Offset y:                           0.00
  Plot negative                       NO
  Suppress unconnected internal pads  NO
  Draw holes only                     NO



  APERTURES USED (UNIT = IN):
  ---------------------------------------------------------
  TYPE       SIZE/NAME                   ROT   MIRROR MODE 
  ---------------------------------------------------------
  CIRCLE     0.00011                                  DARK 

     SIKBOTTOM created.


================================================================
     PROCESSING FILM < OUTLINE >
     TO FILE < W:/Gerber/2021-10-05/9c0d5618749ef6f59795ca09fdc2e18d/OUTLINE.art > ...
================================================================

  FILM PARAMETERS :
  ---------------------------------------------------------
  Undefined line width                0.11 MIL
  Mirror code                         NONE
  Rotate angle                        NONE
  Offset x:                           0.00
  Offset y:                           0.00
  Plot negative                       NO
  Suppress unconnected internal pads  NO
  Draw holes only                     NO



  APERTURES USED (UNIT = IN):
  ---------------------------------------------------------
  TYPE       SIZE/NAME                   ROT   MIRROR MODE 
  ---------------------------------------------------------
  CIRCLE     0.00011                                  DARK 

     OUTLINE created.


================================================================
     PROCESSING FILM < FABPTH >
     TO FILE < W:/Gerber/2021-10-05/9c0d5618749ef6f59795ca09fdc2e18d/FABPTH.art > ...
================================================================

  FILM PARAMETERS :
  ---------------------------------------------------------
  Undefined line width                0.11 MIL
  Mirror code                         NONE
  Rotate angle                        NONE
  Offset x:                           0.00
  Offset y:                           0.00
  Plot negative                       NO
  Suppress unconnected internal pads  NO
  Draw holes only                     NO

    WARNING: 0 width line found at (702.00 800.00) in MIL
           ... using undefined line width of 0.11 MIL

    WARNING: Multiple 0 width lines; all will be treated the same as the first.
           ... using undefined line width of 0.11 MIL



  APERTURES USED (UNIT = IN):
  ---------------------------------------------------------
  TYPE       SIZE/NAME                   ROT   MIRROR MODE 
  ---------------------------------------------------------
  CIRCLE     0.00011                                  DARK 
  CIRCLE     0.00400                                  DARK 
  CIRCLE     0.00600                                  DARK 

     FABPTH created with warnings


------------------------------------------------------
 SUMMARY:
        TOP created.
        BOTTOM created.
        PASTETOP created.
        MASKTOP created.
        SIKTOP created.
        PASTEBOTTOM created.
        MASKBOTTOM created.
        SIKBOTTOM created.
        OUTLINE created.
        FABPTH created with warnings

 ARTWORK had warnings
